Enter character: l
Enter character: e
Enter character: f
Enter character: t
Enter character: r
Enter character: i
Enter character: g
Enter character: h
Enter character: t
Enter character: !
          No Star
Enter character: l
Enter character: e
Enter character: f
Enter character: t
Enter character: *
Enter character: r
Enter character: i
Enter character: g
Enter character: !
          Left Longer
Enter character: l
Enter character: e
Enter character: f
Enter character: t
Enter character: *
Enter character: r
Enter character: i
Enter character: g
Enter character: h
Enter character: t
Enter character: !
          Right Longer
Enter character: l
Enter character: e
Enter character: f
Enter character: t
Enter character: *
Enter character: r
Enter character: i
Enter character: g
Enter character: h
Enter character: !
          Same Length, Different Content
Enter character: l
Enter character: e
Enter character: f
Enter character: t
Enter character: *
Enter character: l
Enter character: e
Enter character: f
Enter character: t
Enter character: !
          Same Length and Same Content, No Palindrome
Enter character: r
Enter character: o
Enter character: t
Enter character: o
Enter character: r
Enter character: *
Enter character: r
Enter character: o
Enter character: t
Enter character: o
Enter character: r
Enter character: !
          Same Length and Same Content, Palindrome
Enter character: l
Enter character: e
Enter character: f
Enter character: t
Enter character: *
Enter character: l
Enter character: e
Enter character: f
Enter character: s
Enter character: !
          Same Length, Different Content
Enter character: *
Enter character: m
Enter character: !
          Right Longer
Enter character: m
Enter character: o
Enter character: m
Enter character: *
Enter character: !
          Left Longer
Enter character: *
Enter character: !
          Same Length and Same Content, No Palindrome
Enter character: a
Enter character: a
Enter character: a
Enter character: a
Enter character: b
Enter character: b
Enter character: b
Enter character: b
Enter character: b
Enter character: b
Enter character: b
Enter character: b
Enter character: *
Enter character: b
Enter character: b
Enter character: b
Enter character: b
Enter character: b
Enter character: b
Enter character: b
Enter character: b
Enter character: a
Enter character: a
Enter character: a
Enter character: a
Enter character: !
          Same Length, Different Content
Enter character: l
Enter character: e
Enter character: f
Enter character: t
Enter character: l
Enter character: e
Enter character: f
Enter character: t
Enter character: *
Enter character: r
Enter character: i
Enter character: g
Enter character: h
Enter character: t
Enter character: !
          Left Longer
