Enter character: a
Enter character: a
Enter character: a
Enter character: a
Enter character: b
Enter character: b
Enter character: b
Enter character: b
Enter character: b
Enter character: b
Enter character: b
Enter character: b
Enter character: *
Enter character: b
Enter character: b
Enter character: b
Enter character: b
Enter character: b
Enter character: b
Enter character: b
Enter character: b
Enter character: a
Enter character: a
Enter character: a
Enter character: a
Enter character: !
          Same Length, Different Content
